2021-11-09 10:00:24,879 INFO org.springframework.boot.web.embedded.tomcat.TomcatWebServer [restartedMain] Tomcat initialized with port(s): 8080 (http)
2021-11-09 10:00:24,884 INFO org.apache.catalina.core.StandardService [restartedMain] Starting service [Tomcat]
2021-11-09 10:00:24,885 INFO org.apache.catalina.core.StandardEngine [restartedMain] Starting Servlet engine: [Apache Tomcat/9.0.53]
2021-11-09 10:00:24,922 INFO org.apache.catalina.core.ContainerBase.[Tomcat].[localhost].[/] [restartedMain] Initializing Spring embedded WebApplicationContext
2021-11-09 10:00:24,922 INFO org.springframework.boot.web.servlet.context.ServletWebServerApplicationContext [restartedMain] Root WebApplicationContext: initialization completed in 898 ms
2021-11-09 10:00:25,114 INFO org.mongodb.driver.cluster [restartedMain] Cluster created with settings {hosts=[localhost:27017], mode=SINGLE, requiredClusterType=UNKNOWN, serverSelectionTimeout='30000 ms'}
2021-11-09 10:00:25,127 INFO org.mongodb.driver.connection [cluster-rtt-ClusterId{value='6189f961da2903028db9e8a5', description='null'}-localhost:27017] Opened connection [connectionId{localValue:4, serverValue:101}] to localhost:27017
2021-11-09 10:00:25,127 INFO org.mongodb.driver.connection [cluster-ClusterId{value='6189f961da2903028db9e8a5', description='null'}-localhost:27017] Opened connection [connectionId{localValue:5, serverValue:102}] to localhost:27017
2021-11-09 10:00:25,131 INFO org.mongodb.driver.cluster [cluster-ClusterId{value='6189f961da2903028db9e8a5', description='null'}-localhost:27017] Monitor thread successfully connected to server with description ServerDescription{address=localhost:27017, type=STANDALONE, state=CONNECTED, ok=true, minWireVersion=0, maxWireVersion=13, maxDocumentSize=16777216, logicalSessionTimeoutMinutes=30, roundTripTimeNanos=6093100}
2021-11-09 10:00:25,147 WARN org.springframework.data.convert.CustomConversions [restartedMain] Registering converter from class java.time.LocalDateTime to class org.joda.time.LocalDateTime as reading converter although it doesn't convert from a store-supported type! You might want to check your annotation setup at the converter implementation.
2021-11-09 10:00:25,175 WARN org.springframework.data.convert.CustomConversions [restartedMain] Registering converter from class java.time.LocalDateTime to class org.joda.time.LocalDateTime as reading converter although it doesn't convert from a store-supported type! You might want to check your annotation setup at the converter implementation.
2021-11-09 10:00:25,306 WARN org.springframework.boot.devtools.autoconfigure.OptionalLiveReloadServer [restartedMain] Unable to start LiveReload server
2021-11-09 10:00:25,356 INFO org.springframework.security.web.DefaultSecurityFilterChain [restartedMain] Will secure any request with [org.springframework.security.web.context.request.async.WebAsyncManagerIntegrationFilter@5501a209, org.springframework.security.web.context.SecurityContextPersistenceFilter@1e994187, org.springframework.security.web.header.HeaderWriterFilter@6252b10a, org.springframework.security.web.authentication.logout.LogoutFilter@874f563, com.authService.filter.JwtFilter@6f760e78, org.springframework.security.web.savedrequest.RequestCacheAwareFilter@cc6afd0, org.springframework.security.web.servletapi.SecurityContextHolderAwareRequestFilter@7b6b95a3, org.springframework.security.web.authentication.AnonymousAuthenticationFilter@5d9d7592, org.springframework.security.web.session.SessionManagementFilter@174d1b4, org.springframework.security.web.access.ExceptionTranslationFilter@564890b4, org.springframework.security.web.access.intercept.FilterSecurityInterceptor@60b7f11f]
2021-11-09 10:00:25,946 INFO org.springframework.cloud.netflix.eureka.config.DiscoveryClientOptionalArgsConfiguration [restartedMain] Eureka HTTP Client uses RestTemplate.
2021-11-09 10:00:26,392 WARN org.springframework.cloud.loadbalancer.config.LoadBalancerCacheAutoConfiguration$LoadBalancerCaffeineWarnLogger [restartedMain] Spring Cloud LoadBalancer is currently working with the default cache. You can switch to using Caffeine cache, by adding it and org.springframework.cache.caffeine.CaffeineCacheManager to the classpath.
2021-11-09 10:00:26,423 INFO org.springframework.cloud.netflix.eureka.InstanceInfoFactory [restartedMain] Setting initial instance status as: STARTING
2021-11-09 10:00:26,426 INFO com.netflix.discovery.DiscoveryClient [restartedMain] Initializing Eureka in region us-east-1
2021-11-09 10:00:26,426 INFO com.netflix.discovery.shared.resolver.aws.ConfigClusterResolver [restartedMain] Resolving eureka endpoints via configuration
2021-11-09 10:00:26,437 INFO com.netflix.discovery.DiscoveryClient [restartedMain] Disable delta property : false
2021-11-09 10:00:26,437 INFO com.netflix.discovery.DiscoveryClient [restartedMain] Single vip registry refresh property : null
2021-11-09 10:00:26,437 INFO com.netflix.discovery.DiscoveryClient [restartedMain] Force full registry fetch : false
2021-11-09 10:00:26,437 INFO com.netflix.discovery.DiscoveryClient [restartedMain] Application is null : false
2021-11-09 10:00:26,437 INFO com.netflix.discovery.DiscoveryClient [restartedMain] Registered Applications size is zero : true
2021-11-09 10:00:26,437 INFO com.netflix.discovery.DiscoveryClient [restartedMain] Application version is -1: true
